#-----------------------------------------------------------
# Vivado v2019.2 (64-bit)
# SW Build 2708876 on Wed Nov  6 21:40:23 MST 2019
# IP Build 2700528 on Thu Nov  7 00:09:20 MST 2019
# Start of session at: Tue Aug 30 20:11:23 2022
# Process ID: 5716
# Current directory: E:/个人/学习/大四上/智能芯片与系统设计综合实践/Comprehensive-practice-of-intelligent-chip-system-design/FPGA-proj-master/CNN_minist
# Command line: vivado.exe -gui_launcher_event rodinguilauncherevent16356 E:\个人\学习\大四上\智能芯片与系统设计综合实践\Comprehensive-practice-of-intelligent-chip-system-design\FPGA-proj-master\CNN_minist\CNN_minist.xpr
# Log file: E:/个人/学习/大四上/智能芯片与系统设计综合实践/Comprehensive-practice-of-intelligent-chip-system-design/FPGA-proj-master/CNN_minist/vivado.log
# Journal file: E:/个人/学习/大四上/智能芯片与系统设计综合实践/Comprehensive-practice-of-intelligent-chip-system-design/FPGA-proj-master/CNN_minist\vivado.jou
#-----------------------------------------------------------
start_gui
open_project E:/个人/学习/大四上/智能芯片与系统设计综合实践/Comprehensive-practice-of-intelligent-chip-system-design/FPGA-proj-master/CNN_minist/CNN_minist.xpr
INFO: [ProjectBase 1-489] The host OS only allows 260 characters in a normal path. The project is stored in a path with more than 80 characters. If you experience issues with IP, Block Designs, or files not being found, please consider moving the project to a location with a shorter path. Alternately consider using the OS subst command to map part of the path to a drive letter.
Current project path is 'E:/个人/学习/大四上/智能芯片与系统设计综合实践/Comprehensive-practice-of-intelligent-chip-system-design/FPGA-proj-master/CNN_minist'
Scanning sources...
Finished scanning sources
INFO: [IP_Flow 19-234] Refreshing IP repositories
INFO: [IP_Flow 19-1704] No user IP repositories specified
INFO: [IP_Flow 19-2313] Loaded Vivado IP repository 'F:/Xilinx/Vivado/2019.2/data/ip'.
WARNING: [IP_Flow 19-2162] IP 'fifo_generator_1000' is locked:
* IP definition 'FIFO Generator (13.2)' for IP 'fifo_generator_1000' (customized with software release 2018.3) has a different revision in the IP Catalog.
WARNING: [IP_Flow 19-2162] IP 'clk_wiz_0' is locked:
* IP definition 'Clocking Wizard (6.0)' for IP 'clk_wiz_0' (customized with software release 2018.3) has a different revision in the IP Catalog.
WARNING: [IP_Flow 19-2162] IP 'B_conv1' is locked:
* IP definition 'Block Memory Generator (8.4)' for IP 'B_conv1' (customized with software release 2018.3) has a different revision in the IP Catalog.
WARNING: [IP_Flow 19-2162] IP 'B_conv2' is locked:
* IP definition 'Block Memory Generator (8.4)' for IP 'B_conv2' (customized with software release 2018.3) has a different revision in the IP Catalog.
WARNING: [IP_Flow 19-2162] IP 'W_conv2' is locked:
* IP definition 'Block Memory Generator (8.4)' for IP 'W_conv2' (customized with software release 2018.3) has a different revision in the IP Catalog.
WARNING: [IP_Flow 19-2162] IP 'W_conv1' is locked:
* IP definition 'Block Memory Generator (8.4)' for IP 'W_conv1' (customized with software release 2018.3) has a different revision in the IP Catalog.
WARNING: [IP_Flow 19-2162] IP 'feature_ram' is locked:
* IP definition 'Block Memory Generator (8.4)' for IP 'feature_ram' (customized with software release 2018.3) has a different revision in the IP Catalog.
WARNING: [IP_Flow 19-2162] IP 'W_fc1' is locked:
* IP definition 'Block Memory Generator (8.4)' for IP 'W_fc1' (customized with software release 2018.3) has a different revision in the IP Catalog.
WARNING: [IP_Flow 19-2162] IP 'fifo_generator_200' is locked:
* IP definition 'FIFO Generator (13.2)' for IP 'fifo_generator_200' (customized with software release 2018.3) has a different revision in the IP Catalog.
WARNING: [IP_Flow 19-2162] IP 'W_fc2' is locked:
* IP definition 'Block Memory Generator (8.4)' for IP 'W_fc2' (customized with software release 2018.3) has a different revision in the IP Catalog.
WARNING: [IP_Flow 19-2162] IP 'B_fc1' is locked:
* IP definition 'Block Memory Generator (8.4)' for IP 'B_fc1' (customized with software release 2018.3) has a different revision in the IP Catalog.
WARNING: [IP_Flow 19-2162] IP 'B_fc2' is locked:
* IP definition 'Block Memory Generator (8.4)' for IP 'B_fc2' (customized with software release 2018.3) has a different revision in the IP Catalog.
WARNING: [IP_Flow 19-2162] IP 'picture_784' is locked:
* IP definition 'Block Memory Generator (8.4)' for IP 'picture_784' (customized with software release 2018.3) has a different revision in the IP Catalog.
open_project: Time (s): cpu = 00:00:20 ; elapsed = 00:00:12 . Memory (MB): peak = 849.051 ; gain = 196.340
update_compile_order -fileset sources_1
open_hw_manager
connect_hw_server -allow_non_jtag
INFO: [Labtools 27-2285] Connecting to hw_server url TCP:localhost:3121
INFO: [Labtools 27-2222] Launching hw_server...
INFO: [Labtools 27-2221] Launch Output:

****** Xilinx hw_server v2019.2
  **** Build date : Nov  6 2019 at 22:12:23
    ** Copyright 1986-2019 Xilinx, Inc. All Rights Reserved.


INFO: [Labtools 27-3415] Connecting to cs_server url TCP:localhost:3042
INFO: [Labtools 27-3417] Launching cs_server...
INFO: [Labtools 27-2221] Launch Output:


****** Xilinx cs_server v2019.2.0
  **** Build date : Nov 07 2019-13:28:22
    ** Copyright 2017-2019 Xilinx, Inc. All Rights Reserved.



connect_hw_server: Time (s): cpu = 00:00:01 ; elapsed = 00:00:12 . Memory (MB): peak = 1016.035 ; gain = 0.000
open_hw_target
INFO: [Labtoolstcl 44-466] Opening hw_target localhost:3121/xilinx_tcf/Digilent/210248773972
open_hw_target: Time (s): cpu = 00:00:05 ; elapsed = 00:00:09 . Memory (MB): peak = 2123.422 ; gain = 1107.387
current_hw_device [get_hw_devices xc7z020_1]
refresh_hw_device -update_hw_probes false [lindex [get_hw_devices xc7z020_1] 0]
INFO: [Labtools 27-1435] Device xc7z020 (JTAG device index = 1) is not programmed (DONE status = 0).
reset_run B_conv1_synth_1
WARNING: [Vivado 12-1017] Problems encountered:
1. Failed to delete one or more files in run directory E:/个人/学习/大四上/智能芯片与系统设计综合实践/Comprehensive-practice-of-intelligent-chip-system-design/FPGA-proj-master/CNN_minist/CNN_minist.runs/B_conv1_synth_1

reset_run B_conv2_synth_1
WARNING: [Vivado 12-1017] Problems encountered:
1. Failed to delete one or more files in run directory E:/个人/学习/大四上/智能芯片与系统设计综合实践/Comprehensive-practice-of-intelligent-chip-system-design/FPGA-proj-master/CNN_minist/CNN_minist.runs/B_conv2_synth_1

reset_run W_conv2_synth_1
WARNING: [Vivado 12-1017] Problems encountered:
1. Failed to delete one or more files in run directory E:/个人/学习/大四上/智能芯片与系统设计综合实践/Comprehensive-practice-of-intelligent-chip-system-design/FPGA-proj-master/CNN_minist/CNN_minist.runs/W_conv2_synth_1

reset_run W_conv1_synth_1
WARNING: [Vivado 12-1017] Problems encountered:
1. Failed to delete one or more files in run directory E:/个人/学习/大四上/智能芯片与系统设计综合实践/Comprehensive-practice-of-intelligent-chip-system-design/FPGA-proj-master/CNN_minist/CNN_minist.runs/W_conv1_synth_1

reset_run W_fc1_synth_1
WARNING: [Vivado 12-1017] Problems encountered:
1. Failed to delete one or more files in run directory E:/个人/学习/大四上/智能芯片与系统设计综合实践/Comprehensive-practice-of-intelligent-chip-system-design/FPGA-proj-master/CNN_minist/CNN_minist.runs/W_fc1_synth_1

reset_run W_fc2_synth_1
WARNING: [Vivado 12-1017] Problems encountered:
1. Failed to delete one or more files in run directory E:/个人/学习/大四上/智能芯片与系统设计综合实践/Comprehensive-practice-of-intelligent-chip-system-design/FPGA-proj-master/CNN_minist/CNN_minist.runs/W_fc2_synth_1

reset_run B_fc1_synth_1
WARNING: [Vivado 12-1017] Problems encountered:
1. Failed to delete one or more files in run directory E:/个人/学习/大四上/智能芯片与系统设计综合实践/Comprehensive-practice-of-intelligent-chip-system-design/FPGA-proj-master/CNN_minist/CNN_minist.runs/B_fc1_synth_1

reset_run B_fc2_synth_1
WARNING: [Vivado 12-1017] Problems encountered:
1. Failed to delete one or more files in run directory E:/个人/学习/大四上/智能芯片与系统设计综合实践/Comprehensive-practice-of-intelligent-chip-system-design/FPGA-proj-master/CNN_minist/CNN_minist.runs/B_fc2_synth_1

reset_run picture_784_synth_1
WARNING: [Vivado 12-1017] Problems encountered:
1. Failed to delete one or more files in run directory E:/个人/学习/大四上/智能芯片与系统设计综合实践/Comprehensive-practice-of-intelligent-chip-system-design/FPGA-proj-master/CNN_minist/CNN_minist.runs/picture_784_synth_1

launch_runs synth_1 -jobs 6
WARNING: [Vivado 12-4802] The synthesis checkpoint for IP 'E:/个人/学习/大四上/智能芯片与系统设计综合实践/Comprehensive-practice-of-intelligent-chip-system-design/FPGA-proj-master/CNN_minist/CNN_minist.srcs/sources_1/ip/fifo_generator_1000/fifo_generator_1000.xci' is not generated and IP is locked. An out-of-context (OOC) run will be created and/or launched, but synthesis may not be able to complete or could result in incorrect behavior.
Please select 'Report IP Status' from the 'Tools/Report' menu or run Tcl command 'report_ip_status' for more information.
WARNING: [Project 1-577] IP run B_conv1_synth_1 is available but is out of date. Since the IP is locked, the synthesis checkpoint cannot be updated. The out-of-date checkpoint will be used and it may result in incorrect behavior.
Please select 'Report IP Status' from the 'Tools/Report' menu or run the Tcl command 'report_ip_status' for more information.
WARNING: [Project 1-577] IP run B_conv2_synth_1 is available but is out of date. Since the IP is locked, the synthesis checkpoint cannot be updated. The out-of-date checkpoint will be used and it may result in incorrect behavior.
Please select 'Report IP Status' from the 'Tools/Report' menu or run the Tcl command 'report_ip_status' for more information.
WARNING: [Project 1-577] IP run W_conv2_synth_1 is available but is out of date. Since the IP is locked, the synthesis checkpoint cannot be updated. The out-of-date checkpoint will be used and it may result in incorrect behavior.
Please select 'Report IP Status' from the 'Tools/Report' menu or run the Tcl command 'report_ip_status' for more information.
WARNING: [Project 1-577] IP run W_conv1_synth_1 is available but is out of date. Since the IP is locked, the synthesis checkpoint cannot be updated. The out-of-date checkpoint will be used and it may result in incorrect behavior.
Please select 'Report IP Status' from the 'Tools/Report' menu or run the Tcl command 'report_ip_status' for more information.
WARNING: [Project 1-577] IP run W_fc1_synth_1 is available but is out of date. Since the IP is locked, the synthesis checkpoint cannot be updated. The out-of-date checkpoint will be used and it may result in incorrect behavior.
Please select 'Report IP Status' from the 'Tools/Report' menu or run the Tcl command 'report_ip_status' for more information.
WARNING: [Project 1-577] IP run W_fc2_synth_1 is available but is out of date. Since the IP is locked, the synthesis checkpoint cannot be updated. The out-of-date checkpoint will be used and it may result in incorrect behavior.
Please select 'Report IP Status' from the 'Tools/Report' menu or run the Tcl command 'report_ip_status' for more information.
WARNING: [Project 1-577] IP run B_fc1_synth_1 is available but is out of date. Since the IP is locked, the synthesis checkpoint cannot be updated. The out-of-date checkpoint will be used and it may result in incorrect behavior.
Please select 'Report IP Status' from the 'Tools/Report' menu or run the Tcl command 'report_ip_status' for more information.
WARNING: [Project 1-577] IP run B_fc2_synth_1 is available but is out of date. Since the IP is locked, the synthesis checkpoint cannot be updated. The out-of-date checkpoint will be used and it may result in incorrect behavior.
Please select 'Report IP Status' from the 'Tools/Report' menu or run the Tcl command 'report_ip_status' for more information.
WARNING: [Project 1-577] IP run picture_784_synth_1 is available but is out of date. Since the IP is locked, the synthesis checkpoint cannot be updated. The out-of-date checkpoint will be used and it may result in incorrect behavior.
Please select 'Report IP Status' from the 'Tools/Report' menu or run the Tcl command 'report_ip_status' for more information.
WARNING: [Project 1-576] IP 'E:/个人/学习/大四上/智能芯片与系统设计综合实践/Comprehensive-practice-of-intelligent-chip-system-design/FPGA-proj-master/CNN_minist/CNN_minist.srcs/sources_1/ip/fifo_generator_1000/fifo_generator_1000.xci' in run fifo_generator_1000_synth_1 is locked, no out-of-context (OOC) run will be launched. The run may not be able to complete.
Please select 'Report IP Status' from 'Tools/Report' or run the Tcl command 'report_ip_status' for more information.
WARNING: [Runs 36-337] The following IPs are either missing output products or output products are not up-to-date for Synthesis target. Since these IPs are locked, no update to the output products can be done. 
Please select 'Report IP Status' from the 'Tools/Report' menu or run Tcl command 'report_ip_status' for more information.
E:/个人/学习/大四上/智能芯片与系统设计综合实践/Comprehensive-practice-of-intelligent-chip-system-design/FPGA-proj-master/CNN_minist/CNN_minist.srcs/sources_1/ip/B_conv1/B_conv1.xci

WARNING: [Runs 36-337] The following IPs are either missing output products or output products are not up-to-date for Synthesis target. Since these IPs are locked, no update to the output products can be done. 
Please select 'Report IP Status' from the 'Tools/Report' menu or run Tcl command 'report_ip_status' for more information.
E:/个人/学习/大四上/智能芯片与系统设计综合实践/Comprehensive-practice-of-intelligent-chip-system-design/FPGA-proj-master/CNN_minist/CNN_minist.srcs/sources_1/ip/B_conv2/B_conv2.xci

WARNING: [Runs 36-337] The following IPs are either missing output products or output products are not up-to-date for Synthesis target. Since these IPs are locked, no update to the output products can be done. 
Please select 'Report IP Status' from the 'Tools/Report' menu or run Tcl command 'report_ip_status' for more information.
E:/个人/学习/大四上/智能芯片与系统设计综合实践/Comprehensive-practice-of-intelligent-chip-system-design/FPGA-proj-master/CNN_minist/CNN_minist.srcs/sources_1/ip/W_conv2/W_conv2.xci

WARNING: [Runs 36-337] The following IPs are either missing output products or output products are not up-to-date for Synthesis target. Since these IPs are locked, no update to the output products can be done. 
Please select 'Report IP Status' from the 'Tools/Report' menu or run Tcl command 'report_ip_status' for more information.
E:/个人/学习/大四上/智能芯片与系统设计综合实践/Comprehensive-practice-of-intelligent-chip-system-design/FPGA-proj-master/CNN_minist/CNN_minist.srcs/sources_1/ip/W_conv1/W_conv1.xci

WARNING: [Runs 36-337] The following IPs are either missing output products or output products are not up-to-date for Synthesis target. Since these IPs are locked, no update to the output products can be done. 
Please select 'Report IP Status' from the 'Tools/Report' menu or run Tcl command 'report_ip_status' for more information.
E:/个人/学习/大四上/智能芯片与系统设计综合实践/Comprehensive-practice-of-intelligent-chip-system-design/FPGA-proj-master/CNN_minist/CNN_minist.srcs/sources_1/ip/W_fc1/W_fc1.xci

WARNING: [Runs 36-337] The following IPs are either missing output products or output products are not up-to-date for Synthesis target. Since these IPs are locked, no update to the output products can be done. 
Please select 'Report IP Status' from the 'Tools/Report' menu or run Tcl command 'report_ip_status' for more information.
E:/个人/学习/大四上/智能芯片与系统设计综合实践/Comprehensive-practice-of-intelligent-chip-system-design/FPGA-proj-master/CNN_minist/CNN_minist.srcs/sources_1/ip/W_fc2/W_fc2.xci

WARNING: [Runs 36-337] The following IPs are either missing output products or output products are not up-to-date for Synthesis target. Since these IPs are locked, no update to the output products can be done. 
Please select 'Report IP Status' from the 'Tools/Report' menu or run Tcl command 'report_ip_status' for more information.
E:/个人/学习/大四上/智能芯片与系统设计综合实践/Comprehensive-practice-of-intelligent-chip-system-design/FPGA-proj-master/CNN_minist/CNN_minist.srcs/sources_1/ip/B_fc1/B_fc1.xci

WARNING: [Runs 36-337] The following IPs are either missing output products or output products are not up-to-date for Synthesis target. Since these IPs are locked, no update to the output products can be done. 
Please select 'Report IP Status' from the 'Tools/Report' menu or run Tcl command 'report_ip_status' for more information.
E:/个人/学习/大四上/智能芯片与系统设计综合实践/Comprehensive-practice-of-intelligent-chip-system-design/FPGA-proj-master/CNN_minist/CNN_minist.srcs/sources_1/ip/B_fc2/B_fc2.xci

WARNING: [Runs 36-337] The following IPs are either missing output products or output products are not up-to-date for Synthesis target. Since these IPs are locked, no update to the output products can be done. 
Please select 'Report IP Status' from the 'Tools/Report' menu or run Tcl command 'report_ip_status' for more information.
E:/个人/学习/大四上/智能芯片与系统设计综合实践/Comprehensive-practice-of-intelligent-chip-system-design/FPGA-proj-master/CNN_minist/CNN_minist.srcs/sources_1/ip/picture_784/picture_784.xci

WARNING: [Runs 36-337] The following IPs are either missing output products or output products are not up-to-date for Synthesis target. Since these IPs are locked, no update to the output products can be done. 
Please select 'Report IP Status' from the 'Tools/Report' menu or run Tcl command 'report_ip_status' for more information.
E:/个人/学习/大四上/智能芯片与系统设计综合实践/Comprehensive-practice-of-intelligent-chip-system-design/FPGA-proj-master/CNN_minist/CNN_minist.srcs/sources_1/ip/fifo_generator_1000/fifo_generator_1000.xci

WARNING: [Project 1-576] IP 'E:/个人/学习/大四上/智能芯片与系统设计综合实践/Comprehensive-practice-of-intelligent-chip-system-design/FPGA-proj-master/CNN_minist/CNN_minist.srcs/sources_1/ip/B_conv1/B_conv1.xci' in run B_conv1_synth_1 is locked, no out-of-context (OOC) run will be launched. The run may not be able to complete.
Please select 'Report IP Status' from 'Tools/Report' or run the Tcl command 'report_ip_status' for more information.
WARNING: [Project 1-576] IP 'E:/个人/学习/大四上/智能芯片与系统设计综合实践/Comprehensive-practice-of-intelligent-chip-system-design/FPGA-proj-master/CNN_minist/CNN_minist.srcs/sources_1/ip/B_conv2/B_conv2.xci' in run B_conv2_synth_1 is locked, no out-of-context (OOC) run will be launched. The run may not be able to complete.
Please select 'Report IP Status' from 'Tools/Report' or run the Tcl command 'report_ip_status' for more information.
WARNING: [Project 1-576] IP 'E:/个人/学习/大四上/智能芯片与系统设计综合实践/Comprehensive-practice-of-intelligent-chip-system-design/FPGA-proj-master/CNN_minist/CNN_minist.srcs/sources_1/ip/W_conv2/W_conv2.xci' in run W_conv2_synth_1 is locked, no out-of-context (OOC) run will be launched. The run may not be able to complete.
Please select 'Report IP Status' from 'Tools/Report' or run the Tcl command 'report_ip_status' for more information.
WARNING: [Project 1-576] IP 'E:/个人/学习/大四上/智能芯片与系统设计综合实践/Comprehensive-practice-of-intelligent-chip-system-design/FPGA-proj-master/CNN_minist/CNN_minist.srcs/sources_1/ip/W_conv1/W_conv1.xci' in run W_conv1_synth_1 is locked, no out-of-context (OOC) run will be launched. The run may not be able to complete.
Please select 'Report IP Status' from 'Tools/Report' or run the Tcl command 'report_ip_status' for more information.
WARNING: [Project 1-576] IP 'E:/个人/学习/大四上/智能芯片与系统设计综合实践/Comprehensive-practice-of-intelligent-chip-system-design/FPGA-proj-master/CNN_minist/CNN_minist.srcs/sources_1/ip/W_fc1/W_fc1.xci' in run W_fc1_synth_1 is locked, no out-of-context (OOC) run will be launched. The run may not be able to complete.
Please select 'Report IP Status' from 'Tools/Report' or run the Tcl command 'report_ip_status' for more information.
WARNING: [Project 1-576] IP 'E:/个人/学习/大四上/智能芯片与系统设计综合实践/Comprehensive-practice-of-intelligent-chip-system-design/FPGA-proj-master/CNN_minist/CNN_minist.srcs/sources_1/ip/W_fc2/W_fc2.xci' in run W_fc2_synth_1 is locked, no out-of-context (OOC) run will be launched. The run may not be able to complete.
Please select 'Report IP Status' from 'Tools/Report' or run the Tcl command 'report_ip_status' for more information.
WARNING: [Project 1-576] IP 'E:/个人/学习/大四上/智能芯片与系统设计综合实践/Comprehensive-practice-of-intelligent-chip-system-design/FPGA-proj-master/CNN_minist/CNN_minist.srcs/sources_1/ip/B_fc1/B_fc1.xci' in run B_fc1_synth_1 is locked, no out-of-context (OOC) run will be launched. The run may not be able to complete.
Please select 'Report IP Status' from 'Tools/Report' or run the Tcl command 'report_ip_status' for more information.
WARNING: [Project 1-576] IP 'E:/个人/学习/大四上/智能芯片与系统设计综合实践/Comprehensive-practice-of-intelligent-chip-system-design/FPGA-proj-master/CNN_minist/CNN_minist.srcs/sources_1/ip/B_fc2/B_fc2.xci' in run B_fc2_synth_1 is locked, no out-of-context (OOC) run will be launched. The run may not be able to complete.
Please select 'Report IP Status' from 'Tools/Report' or run the Tcl command 'report_ip_status' for more information.
WARNING: [Project 1-576] IP 'E:/个人/学习/大四上/智能芯片与系统设计综合实践/Comprehensive-practice-of-intelligent-chip-system-design/FPGA-proj-master/CNN_minist/CNN_minist.srcs/sources_1/ip/picture_784/picture_784.xci' in run picture_784_synth_1 is locked, no out-of-context (OOC) run will be launched. The run may not be able to complete.
Please select 'Report IP Status' from 'Tools/Report' or run the Tcl command 'report_ip_status' for more information.
WARNING: [Project 1-576] IP 'E:/个人/学习/大四上/智能芯片与系统设计综合实践/Comprehensive-practice-of-intelligent-chip-system-design/FPGA-proj-master/CNN_minist/CNN_minist.srcs/sources_1/ip/fifo_generator_1000/fifo_generator_1000.xci' in run fifo_generator_1000_synth_1 is locked, no out-of-context (OOC) run will be launched. The run may not be able to complete.
Please select 'Report IP Status' from 'Tools/Report' or run the Tcl command 'report_ip_status' for more information.
[Tue Aug 30 20:22:33 2022] Launched B_conv1_synth_1, B_conv2_synth_1, W_conv2_synth_1, W_conv1_synth_1, W_fc1_synth_1, W_fc2_synth_1, B_fc1_synth_1, B_fc2_synth_1, picture_784_synth_1, fifo_generator_1000_synth_1...
Run output will be captured here:
B_conv1_synth_1: E:/个人/学习/大四上/智能芯片与系统设计综合实践/Comprehensive-practice-of-intelligent-chip-system-design/FPGA-proj-master/CNN_minist/CNN_minist.runs/B_conv1_synth_1/runme.log
B_conv2_synth_1: E:/个人/学习/大四上/智能芯片与系统设计综合实践/Comprehensive-practice-of-intelligent-chip-system-design/FPGA-proj-master/CNN_minist/CNN_minist.runs/B_conv2_synth_1/runme.log
W_conv2_synth_1: E:/个人/学习/大四上/智能芯片与系统设计综合实践/Comprehensive-practice-of-intelligent-chip-system-design/FPGA-proj-master/CNN_minist/CNN_minist.runs/W_conv2_synth_1/runme.log
W_conv1_synth_1: E:/个人/学习/大四上/智能芯片与系统设计综合实践/Comprehensive-practice-of-intelligent-chip-system-design/FPGA-proj-master/CNN_minist/CNN_minist.runs/W_conv1_synth_1/runme.log
W_fc1_synth_1: E:/个人/学习/大四上/智能芯片与系统设计综合实践/Comprehensive-practice-of-intelligent-chip-system-design/FPGA-proj-master/CNN_minist/CNN_minist.runs/W_fc1_synth_1/runme.log
W_fc2_synth_1: E:/个人/学习/大四上/智能芯片与系统设计综合实践/Comprehensive-practice-of-intelligent-chip-system-design/FPGA-proj-master/CNN_minist/CNN_minist.runs/W_fc2_synth_1/runme.log
B_fc1_synth_1: E:/个人/学习/大四上/智能芯片与系统设计综合实践/Comprehensive-practice-of-intelligent-chip-system-design/FPGA-proj-master/CNN_minist/CNN_minist.runs/B_fc1_synth_1/runme.log
B_fc2_synth_1: E:/个人/学习/大四上/智能芯片与系统设计综合实践/Comprehensive-practice-of-intelligent-chip-system-design/FPGA-proj-master/CNN_minist/CNN_minist.runs/B_fc2_synth_1/runme.log
picture_784_synth_1: E:/个人/学习/大四上/智能芯片与系统设计综合实践/Comprehensive-practice-of-intelligent-chip-system-design/FPGA-proj-master/CNN_minist/CNN_minist.runs/picture_784_synth_1/runme.log
fifo_generator_1000_synth_1: E:/个人/学习/大四上/智能芯片与系统设计综合实践/Comprehensive-practice-of-intelligent-chip-system-design/FPGA-proj-master/CNN_minist/CNN_minist.runs/fifo_generator_1000_synth_1/runme.log
[Tue Aug 30 20:22:34 2022] Launched synth_1...
Run output will be captured here: E:/个人/学习/大四上/智能芯片与系统设计综合实践/Comprehensive-practice-of-intelligent-chip-system-design/FPGA-proj-master/CNN_minist/CNN_minist.runs/synth_1/runme.log
ERROR: [Labtoolstcl 44-513] HW Target shutdown. Closing target: localhost:3121/xilinx_tcf/Digilent/210248773972
exit
INFO: [Common 17-206] Exiting Vivado at Tue Aug 30 20:54:17 2022...
