
*** Running vivado
    with args -log fifo_generator_1000.vds -m64 -product Vivado -mode batch -messageDb vivado.pb -notrace -source fifo_generator_1000.tcl


****** Vivado v2019.2 (64-bit)
  **** SW Build 2708876 on Wed Nov  6 21:40:23 MST 2019
  **** IP Build 2700528 on Thu Nov  7 00:09:20 MST 2019
    ** Copyright 1986-2019 Xilinx, Inc. All Rights Reserved.

source fifo_generator_1000.tcl -notrace
Command: synth_design -top fifo_generator_1000 -part xc7a200tsbg484-2 -mode out_of_context
Starting synth_design
WARNING: [Vivado_Tcl 4-391] The following IPs are missing output products for Synthesis target. These output products could be required for synthesis, please generate the output products using the generate_target or synth_ip command before running synth_design.
E:/个人/学习/大四上/智能芯片与系统设计综合实践/Comprehensive-practice-of-intelligent-chip-system-design/FPGA-proj-master/CNN_minist/CNN_minist.srcs/sources_1/ip/fifo_generator_1000/fifo_generator_1000.xci

INFO: [IP_Flow 19-2162] IP 'fifo_generator_1000' is locked:
* IP definition 'FIFO Generator (13.2)' for IP 'fifo_generator_1000' (customized with software release 2018.3) has a different revision in the IP Catalog.
Attempting to get a license for feature 'Synthesis' and/or device 'xc7a200t'
INFO: [Common 17-349] Got license for feature 'Synthesis' and/or device 'xc7a200t'
INFO: [Device 21-403] Loading part xc7a200tsbg484-2
INFO: Launching helper process for spawning children vivado processes
INFO: Helper process launched with PID 14972 
---------------------------------------------------------------------------------
Starting RTL Elaboration : Time (s): cpu = 00:00:07 ; elapsed = 00:00:08 . Memory (MB): peak = 899.141 ; gain = 235.094
---------------------------------------------------------------------------------
ERROR: [Synth 8-439] module 'fifo_generator_1000' not found
---------------------------------------------------------------------------------
Finished RTL Elaboration : Time (s): cpu = 00:00:09 ; elapsed = 00:00:10 . Memory (MB): peak = 975.211 ; gain = 311.164
---------------------------------------------------------------------------------
RTL Elaboration failed
INFO: [Common 17-83] Releasing license: Synthesis
4 Infos, 1 Warnings, 0 Critical Warnings and 2 Errors encountered.
synth_design failed
ERROR: [Common 17-69] Command failed: Synthesis failed - please see the console or run log file for details
INFO: [Common 17-206] Exiting Vivado at Tue Aug 30 20:24:34 2022...
